.                                        |  WARN  Unsupported engine: wanted: {"node":">=24"} (current: {"node":"v22.22.1","pnpm":"10.34.1"})

> bakery@6.0.0 dev /app/apps/bakery
> vite

[vite:react-swc] We recommend switching to `@vitejs/plugin-react` for improved performance as no swc plugins are used. More information at https://vite.dev/rolldown

  VITE v8.0.16  ready in 322 ms

  ➜  Local:   http://localhost:5000/
  ➜  Network: use --host to expose
7:35:46 PM [vite] http proxy error: /api/v2/pos/locations
AggregateError [ECONNREFUSED]:
    at internalConnectMultiple (node:net:1134:18)
    at afterConnectMultiple (node:net:1715:7)
7:35:46 PM [vite] http proxy error: /api/v2/bakery/auth/status
AggregateError [ECONNREFUSED]:
    at internalConnectMultiple (node:net:1134:18)
    at afterConnectMultiple (node:net:1715:7)
7:35:46 PM [vite] http proxy error: /api/v2/bakery/settings
AggregateError [ECONNREFUSED]:
    at internalConnectMultiple (node:net:1134:18)
    at afterConnectMultiple (node:net:1715:7)
7:35:46 PM [vite] http proxy error: /api/v2/bakery/auth/status
AggregateError [ECONNREFUSED]:
    at internalConnectMultiple (node:net:1134:18)
    at afterConnectMultiple (node:net:1715:7)
7:35:47 PM [vite] http proxy error: /api/v2/pos/locations
AggregateError [ECONNREFUSED]:
    at internalConnectMultiple (node:net:1134:18)
    at afterConnectMultiple (node:net:1715:7)
7:35:47 PM [vite] http proxy error: /api/v2/bakery/settings
AggregateError [ECONNREFUSED]:
    at internalConnectMultiple (node:net:1134:18)
    at afterConnectMultiple (node:net:1715:7)
/app/apps/bakery:
 ERR_PNPM_RECURSIVE_RUN_FIRST_FAIL  bakery@6.0.0 dev: `vite`
Command failed with signal "SIGTERM"
